Groceries/platforms/android/app/build/intermediates/manifest_merge_blame_file/debug/manifest-merger-blame-debug-report.txt
1<?xml version="1.0" encoding="utf-8"?>
2<manifest xmlns:android="http://schemas.android.com/apk/res/android"
3    package="org.nativescript.Groceries"
4    android:versionCode="1"
5    android:versionName="1.0" >
6
7    <uses-sdk
7-->src\main\AndroidManifest.xml:13:2-15:44
8        android:minSdkVersion="17"
8-->src\main\AndroidManifest.xml:14:3-29
9        android:targetSdkVersion="28" />
9-->src\main\AndroidManifest.xml:15:3-42
10
11    <supports-screens
11-->src\main\AndroidManifest.xml:7:2-11:33
12        android:largeScreens="true"
12-->src\main\AndroidManifest.xml:10:3-30
13        android:normalScreens="true"
13-->src\main\AndroidManifest.xml:9:3-31
14        android:smallScreens="true"
14-->src\main\AndroidManifest.xml:8:3-30
15        android:xlargeScreens="true" />
15-->src\main\AndroidManifest.xml:11:3-31
16
17    <uses-permission android:name="android.permission.READ_EXTERNAL_STORAGE" />
17-->src\main\AndroidManifest.xml:17:2-76
17-->src\main\AndroidManifest.xml:17:19-74
18    <uses-permission android:name="android.permission.WRITE_EXTERNAL_STORAGE" />
18-->src\main\AndroidManifest.xml:18:2-77
18-->src\main\AndroidManifest.xml:18:19-75
19    <uses-permission android:name="android.permission.INTERNET" />
19-->src\main\AndroidManifest.xml:19:2-63
19-->src\main\AndroidManifest.xml:19:19-61
20
21    <application
21-->src\main\AndroidManifest.xml:21:2-39:16
22        android:name="com.tns.NativeScriptApplication"
22-->src\main\AndroidManifest.xml:22:3-49
23        android:allowBackup="true"
23-->src\main\AndroidManifest.xml:23:3-29
24        android:appComponentFactory="androidx.core.app.CoreComponentFactory"
24-->[androidx.core:core:1.0.1] AndroidManifest.xml:22:18-86
25        android:debuggable="true"
26        android:icon="@drawable/icon"
26-->src\main\AndroidManifest.xml:24:3-32
27        android:label="@string/app_name"
27-->src\main\AndroidManifest.xml:25:3-35
28        android:theme="@style/AppTheme" >
28-->src\main\AndroidManifest.xml:26:3-34
29        <activity
29-->src\main\AndroidManifest.xml:27:3-37:14
30            android:name="com.tns.NativeScriptActivity"
30-->src\main\AndroidManifest.xml:28:4-47
31            android:configChanges="keyboardHidden|orientation|screenSize"
31-->src\main\AndroidManifest.xml:30:4-65
32            android:label="@string/title_activity_kimera" >
32-->src\main\AndroidManifest.xml:29:4-49
33            <intent-filter>
33-->src\main\AndroidManifest.xml:32:5-36:20
34                <action android:name="android.intent.action.MAIN" />
34-->src\main\AndroidManifest.xml:33:5-57
34-->src\main\AndroidManifest.xml:33:13-54
35
36                <category android:name="android.intent.category.LAUNCHER" />
36-->src\main\AndroidManifest.xml:35:5-65
36-->src\main\AndroidManifest.xml:35:15-62
37            </intent-filter>
38        </activity>
39        <activity android:name="com.tns.ErrorReportActivity" />
39-->src\main\AndroidManifest.xml:38:3-57
39-->src\main\AndroidManifest.xml:38:13-55
40    </application>
41
42</manifest>